Пенг42 euxtjquwo@mail.ru 32 NotNameError: поле имени содержит не только буквы
Пенг grnsf.mail.ru 70 NotNameError: поле email не содержит @ и .(точку)
Владимир 8 gumxfigvam ValueError: Поле "возраст" не является числом от 10 до 99.
Ольга kbzjth 13 NotNameError: поле email не содержит @ и .(точку)
Чонгкун iflyyvp.ru 73 NotNameError: поле email не содержит @ и .(точку)
Ярослав42 ffcbzt@gmail.com 74 NotNameError: поле имени содержит не только буквы
Гнойный666 zrjzfsdyqr@mail.ru 95 NotNameError: поле имени содержит не только буквы
Ярослав 63 jlygzs@gmail.com ValueError: Поле "возраст" не является числом от 10 до 99.
Джамшут lsruraertfigvam 13 NotNameError: поле email не содержит @ и .(точку)
Земфира42 rwkzbyao@gmail.com 68 NotNameError: поле имени содержит не только буквы
Пенг666 ms@ya.ru 93 NotNameError: поле имени содержит не только буквы
41 wks@gmail.com ValueError: Не присутствуют все три поля.
Михаил yi@mail.ru ValueError: Не присутствуют все три поля.
Ольга666 utlpnwgik@ya.ru 68 NotNameError: поле имени содержит не только буквы
Хенг 96 brxe@ya.ru ValueError: Поле "возраст" не является числом от 10 до 99.
Дмитрий tubdfigvam 47 NotNameError: поле email не содержит @ и .(точку)
Яочуан cgznlvna 98 NotNameError: поле email не содержит @ и .(точку)
wntxmmh@mail.ru ValueError: Не присутствуют все три поля.
Анна pj.ru 95 NotNameError: поле email не содержит @ и .(точку)
85 ValueError: Не присутствуют все три поля.
Ли666 xxqskfbpvd@gmail.com 14 NotNameError: поле имени содержит не только буквы
Яочуан666 gmak@mail.ru 57 NotNameError: поле имени содержит не только буквы
Гнойный42 sbhrryli@gmail.com 29 NotNameError: поле имени содержит не только буквы
Ли42 ktcrzpnp@ya.ru 29 NotNameError: поле имени содержит не только буквы
Хенг yefrwjcttf 11 NotNameError: поле email не содержит @ и .(точку)
Анна666 kko@gmail.com 81 NotNameError: поле имени содержит не только буквы
Тролль666 nsocnzas.mail.ru 82 NotNameError: поле имени содержит не только буквы
Земфира 86 ValueError: Не присутствуют все три поля.
 ValueError: Не присутствуют все три поля.
Земфира zpfvcvb 97 NotNameError: поле email не содержит @ и .(точку)
Ван vbfigvam 93 NotNameError: поле email не содержит @ и .(точку)
Ван dlvxhrcf 22 NotNameError: поле email не содержит @ и .(точку)
Геннадий 12 lrznx@gmail.com ValueError: Поле "возраст" не является числом от 10 до 99.
48 gfedb@mail.ru ValueError: Не присутствуют все три поля.
Пенг libyhk@mail.ru ValueError: Не присутствуют все три поля.
Анна42 pcjyji@mail.ru 52 NotNameError: поле имени содержит не только буквы
Артём isoxlfcoeb.mail.ru 62 NotNameError: поле email не содержит @ и .(точку)
Хенг 97 mpqzthnd@mail.ru ValueError: Поле "возраст" не является числом от 10 до 99.
Волочкова42 efe@ya.ru 79 NotNameError: поле имени содержит не только буквы
64 ValueError: Не присутствуют все три поля.
Нагиев666 txccjjszt@ya.ru 17 NotNameError: поле имени содержит не только буквы
Гнойный ai.ru 36 NotNameError: поле email не содержит @ и .(точку)
Земфира 15 rttzfh@ya.ru ValueError: Поле "возраст" не является числом от 10 до 99.
 ValueError: Не присутствуют все три поля.
Ли dyhelbnsiefigvam 31 NotNameError: поле email не содержит @ и .(точку)
Ольга 65 fl@mail.ru ValueError: Поле "возраст" не является числом от 10 до 99.
Бузова42 kcysx@mail.ru 25 NotNameError: поле имени содержит не только буквы
Ван cohymcu.mail.ru 93 NotNameError: поле email не содержит @ и .(точку)
54 dsohvsqen@ya.ru ValueError: Не присутствуют все три поля.
Владимир zvmklam 15 NotNameError: поле email не содержит @ и .(точку)
Гнойный kt.mail.ru 91 NotNameError: поле email не содержит @ и .(точку)
91 rvgzbnl@gmail.com ValueError: Не присутствуют все три поля.
Нагиев 35 txgfbp@gmail.com ValueError: Поле "возраст" не является числом от 10 до 99.
Анна666 ykjlvew@gmail.com 85 NotNameError: поле имени содержит не только буквы
Ольга42 wbdv@gmail.com 42 NotNameError: поле имени содержит не только буквы
Ольга42 mgjmyuavwj@mail.ru 25 NotNameError: поле имени содержит не только буквы
Джигурда fjeiqo.mail.ru 90 NotNameError: поле email не содержит @ и .(точку)
Владимир ValueError: Не присутствуют все три поля.
Джамшут redwfigvam 60 NotNameError: поле email не содержит @ и .(точку)
Тролль!!!!1 tnkugfise@ya.ru 9 NotNameError: поле имени содержит не только буквы
Ярослав!!!!1 mhfkmlfigvam 35 NotNameError: поле имени содержит не только буквы
Земфира lgcrl 83 NotNameError: поле email не содержит @ и .(точку)
Джигурда666 hirbb@ya.ru 14 NotNameError: поле имени содержит не только буквы
37 ValueError: Не присутствуют все три поля.
Владимир ValueError: Не присутствуют все три поля.
Ярослав jjeowwmen 75 NotNameError: поле email не содержит @ и .(точку)
 ValueError: Не присутствуют все три поля.
Геннадий!!!!1 oqkolaurl@mail.ru 16 NotNameError: поле имени содержит не только буквы
Владимир zwmnwxc 69 NotNameError: поле email не содержит @ и .(точку)
Земфира 33 xavvzbe@mail.ru ValueError: Поле "возраст" не является числом от 10 до 99.
Гнойный666 dhqinljcm@ya.ru 86 NotNameError: поле имени содержит не только буквы
 ValueError: Не присутствуют все три поля.
Степан doddcyqspo 86 NotNameError: поле email не содержит @ и .(точку)
Муммий kfyzcv.mail.ru 38 NotNameError: поле email не содержит @ и .(точку)
Пенг ycvfigvam 91 NotNameError: поле email не содержит @ и .(точку)
Мария666 ax@ya.ru 10 NotNameError: поле имени содержит не только буквы
Ольга666 xhpowfavv@mail.ru 16 NotNameError: поле имени содержит не только буквы
 ValueError: Не присутствуют все три поля.
51 ValueError: Не присутствуют все три поля.
 ValueError: Не присутствуют все три поля.
Чонгкун jiqwzjx 63 NotNameError: поле email не содержит @ и .(точку)
Равшан!!!!1 ee@gmail.com 57 NotNameError: поле имени содержит не только буквы
Бузова aquuftkrh@gmail.com ValueError: Не присутствуют все три поля.
Геннадий 36 nfsxqtabzt@gmail.com ValueError: Поле "возраст" не является числом от 10 до 99.
Михаил666 pvabwwymp@gmail.com 88 NotNameError: поле имени содержит не только буквы
Нагиев666 xwnmfigvam 59 NotNameError: поле имени содержит не только буквы
Муммий!!!!1 tsfowgyt@ya.ru 89 NotNameError: поле имени содержит не только буквы
Равшан666 evayobrerz@mail.ru 52 NotNameError: поле имени содержит не только буквы
 ValueError: Не присутствуют все три поля.
Нагиев 72 crek@ya.ru ValueError: Поле "возраст" не является числом от 10 до 99.
Сянцзян666 phdjniunaf@ya.ru 8 NotNameError: поле имени содержит не только буквы
Ли666 ga@gmail.com 46 NotNameError: поле имени содержит не только буквы
Анна wkguvadej 8 NotNameError: поле email не содержит @ и .(точку)
Равшан42 qrmfi@mail.ru 29 NotNameError: поле имени содержит не только буквы
Волочкова 42 iqqkfxew@mail.ru ValueError: Поле "возраст" не является числом от 10 до 99.
Ольга42 eyplplbdvp@gmail.com 28 NotNameError: поле имени содержит не только буквы
Земфира fnlsuuge 48 NotNameError: поле email не содержит @ и .(точку)
Ли znfhr 44 NotNameError: поле email не содержит @ и .(точку)
Гнойный 48 iwli@mail.ru ValueError: Поле "возраст" не является числом от 10 до 99.
Ли atqhh.ru 99 NotNameError: поле email не содержит @ и .(точку)
Анна!!!!1 bqktw@gmail.com 65 NotNameError: поле имени содержит не только буквы
98 xp@mail.ru ValueError: Не присутствуют все три поля.
Земфира 36 nffdhs@ya.ru ValueError: Поле "возраст" не является числом от 10 до 99.
Муммий 79 ValueError: Не присутствуют все три поля.
Волочкова42 toijyvt@gmail.com 7 NotNameError: поле имени содержит не только буквы
Сянцзян kotbwuibd 39 NotNameError: поле email не содержит @ и .(точку)
13 eqghsyv@ya.ru ValueError: Не присутствуют все три поля.
Анна lyrzfigvam 50 NotNameError: поле email не содержит @ и .(точку)
Ван!!!!1 dekbmeygdv@gmail.com 17 NotNameError: поле имени содержит не только буквы
Артём 62 xaxwwtnhm ValueError: Поле "возраст" не является числом от 10 до 99.
Равшан!!!!1 gfaefwi@gmail.com 79 NotNameError: поле имени содержит не только буквы
65 iptmugr@mail.ru ValueError: Не присутствуют все три поля.
Хенг ValueError: Не присутствуют все три поля.
 ValueError: Не присутствуют все три поля.
Ли666 lyfmfp@ya.ru 96 NotNameError: поле имени содержит не только буквы
Нагиев42 ym@mail.ru 27 NotNameError: поле имени содержит не только буквы
Анна hffigvam 43 NotNameError: поле email не содержит @ и .(точку)
Ван ValueError: Не присутствуют все три поля.
Ярослав 63 sexveg@gmail.com ValueError: Поле "возраст" не является числом от 10 до 99.
Ольга!!!!1 cjujuc@ya.ru 35 NotNameError: поле имени содержит не только буквы
Равшан nkbkkxutvtfigvam 57 NotNameError: поле email не содержит @ и .(точку)
Тролль ValueError: Не присутствуют все три поля.
Равшан yva.mail.ru 21 NotNameError: поле email не содержит @ и .(точку)
Ван rtndt 79 NotNameError: поле email не содержит @ и .(точку)
Ярослав qlqsfigvam 70 NotNameError: поле email не содержит @ и .(точку)
Мария 72 dgsvr@ya.ru ValueError: Поле "возраст" не является числом от 10 до 99.
Волочкова666 fiyzyx@mail.ru 47 NotNameError: поле имени содержит не только буквы
Джамшут666 bkuptdyvdz@ya.ru 61 NotNameError: поле имени содержит не только буквы
Ольга666 mfjyl@mail.ru 22 NotNameError: поле имени содержит не только буквы
Нагиев vqqufigvam 31 NotNameError: поле email не содержит @ и .(точку)
Муммий!!!!1 qpodw@mail.ru 32 NotNameError: поле имени содержит не только буквы
Джигурда!!!!1 zrhuigzsnf@mail.ru 34 NotNameError: поле имени содержит не только буквы
Ольга pgtl.ru 98 NotNameError: поле email не содержит @ и .(точку)
Мария mspjbfigvam 36 NotNameError: поле email не содержит @ и .(точку)
Сянцзян ValueError: Не присутствуют все три поля.
Мария oig 76 NotNameError: поле email не содержит @ и .(точку)
Тролль ghjropl.mail.ru 85 NotNameError: поле email не содержит @ и .(точку)
 ValueError: Не присутствуют все три поля.
Земфира ybk.ru 85 NotNameError: поле email не содержит @ и .(точку)
Ольга vocfyjidrb 20 NotNameError: поле email не содержит @ и .(точку)
Мария fqpnhwlj.mail.ru 46 NotNameError: поле email не содержит @ и .(точку)
Ли!!!!1 zhw@mail.ru 10 NotNameError: поле имени содержит не только буквы
Хенг666 agjhusbkoe@gmail.com 33 NotNameError: поле имени содержит не только буквы
Равшан42 ncmjadmmh@ya.ru 95 NotNameError: поле имени содержит не только буквы
58 xomfg@mail.ru ValueError: Не присутствуют все три поля.
Нагиев42 wara@mail.ru 24 NotNameError: поле имени содержит не только буквы
Ярослав hhirwcetv 80 NotNameError: поле email не содержит @ и .(точку)
Михаил666 iggl@ya.ru 78 NotNameError: поле имени содержит не только буквы
 ValueError: Не присутствуют все три поля.
Ольга!!!!1 lpqimz@mail.ru 72 NotNameError: поле имени содержит не только буквы
31 ValueError: Не присутствуют все три поля.
Ван yrz.mail.ru 101 NotNameError: поле email не содержит @ и .(точку)
Геннадий jlonbdf@mail.ru ValueError: Не присутствуют все три поля.
Михаил!!!!1 dicke@ya.ru 97 NotNameError: поле имени содержит не только буквы
Ван fvtrkbbenj.ru 26 NotNameError: поле email не содержит @ и .(точку)
Ярослав ValueError: Не присутствуют все три поля.
Анна42 zcs@mail.ru 42 NotNameError: поле имени содержит не только буквы
Муммий 90 ValueError: Не присутствуют все три поля.
Анна42 vhhwftfcg@mail.ru 53 NotNameError: поле имени содержит не только буквы
 ValueError: Не присутствуют все три поля.
Нагиев666 wteoex@mail.ru 9 NotNameError: поле имени содержит не только буквы
81 nett@gmail.com ValueError: Не присутствуют все три поля.
Муммий uiafigvam 62 NotNameError: поле email не содержит @ и .(точку)
Хенг!!!!1 osyznzo@ya.ru 67 NotNameError: поле имени содержит не только буквы
Сянцзян666 xregmycxtn@ya.ru 95 NotNameError: поле имени содержит не только буквы
Ли lztfjuh 22 NotNameError: поле email не содержит @ и .(точку)
Геннадий 94 xhuwmic@gmail.com ValueError: Поле "возраст" не является числом от 10 до 99.
 ValueError: Не присутствуют все три поля.
Джигурда mwqdkzok.ru 83 NotNameError: поле email не содержит @ и .(точку)
tq@mail.ru ValueError: Не присутствуют все три поля.
Чонгкун42 qhedc@ya.ru 59 NotNameError: поле имени содержит не только буквы
Геннадий42 aespu@mail.ru 97 NotNameError: поле имени содержит не только буквы
Тролль ValueError: Не присутствуют все три поля.
Артём uhhdaycfigvam 18 NotNameError: поле email не содержит @ и .(точку)
Дмитрий cbtewsu 100 NotNameError: поле email не содержит @ и .(точку)
88 owmogsfi@ya.ru ValueError: Не присутствуют все три поля.
Волочкова nu.mail.ru 17 NotNameError: поле email не содержит @ и .(точку)
Мария 8 yg@ya.ru ValueError: Поле "возраст" не является числом от 10 до 99.
Чонгкун ValueError: Не присутствуют все три поля.
Земфира ValueError: Не присутствуют все три поля.
Нагиев 85 bzwdxvy@ya.ru ValueError: Поле "возраст" не является числом от 10 до 99.
 ValueError: Не присутствуют все три поля.
16 ValueError: Не присутствуют все три поля.
Артём42 su@ya.ru 26 NotNameError: поле имени содержит не только буквы
86 ValueError: Не присутствуют все три поля.
Хенг edqh 20 NotNameError: поле email не содержит @ и .(точку)
Анна 99 tqdylq@gmail.com ValueError: Поле "возраст" не является числом от 10 до 99.
Гнойный mvjcfigvam 52 NotNameError: поле email не содержит @ и .(точку)
Геннадий666 baq@gmail.com 74 NotNameError: поле имени содержит не только буквы
Гнойный esd 9 NotNameError: поле email не содержит @ и .(точку)
Равшан666 tokg@gmail.com 25 NotNameError: поле имени содержит не только буквы
42 ValueError: Не присутствуют все три поля.
Степан!!!!1 dvac@gmail.com 94 NotNameError: поле имени содержит не только буквы
Дмитрий 82 pqlmawawd@mail.ru ValueError: Поле "возраст" не является числом от 10 до 99.
Мария!!!!1 xl@mail.ru 52 NotNameError: поле имени содержит не только буквы
Дмитрий42 fbllfxosnn@mail.ru 94 NotNameError: поле имени содержит не только буквы
Геннадий apttruc@gmail.com ValueError: Не присутствуют все три поля.
Гнойный666 qlv@gmail.com 12 NotNameError: поле имени содержит не только буквы
Ярослав!!!!1 wu@gmail.com 31 NotNameError: поле имени содержит не только буквы
Ярослав42 xec@gmail.com 62 NotNameError: поле имени содержит не только буквы
Ольга 36 chh@mail.ru ValueError: Поле "возраст" не является числом от 10 до 99.
14 ValueError: Не присутствуют все три поля.
ibnwoguc@mail.ru ValueError: Не присутствуют все три поля.
Чехова42 owayi@mail.ru 14 NotNameError: поле имени содержит не только буквы
Джамшут666 cckguhj@mail.ru 31 NotNameError: поле имени содержит не только буквы
Ярослав!!!!1 jf@ya.ru 62 NotNameError: поле имени содержит не только буквы
Геннадий hjfdi.mail.ru 7 NotNameError: поле email не содержит @ и .(точку)
Геннадий abtk 75 NotNameError: поле email не содержит @ и .(точку)
Ярослав666 jeh 63 NotNameError: поле имени содержит не только буквы
Михаил42 kzcp@mail.ru 78 NotNameError: поле имени содержит не только буквы
Джигурда jxvtxvxwsfigvam 95 NotNameError: поле email не содержит @ и .(точку)
Ли666 bqmybd@mail.ru 75 NotNameError: поле имени содержит не только буквы
Дмитрий666 ezjv@gmail.com 21 NotNameError: поле имени содержит не только буквы
Джамшут666 rndlsfo@gmail.com 12 NotNameError: поле имени содержит не только буквы
Дмитрий dwymn 20 NotNameError: поле email не содержит @ и .(точку)
Ярослав!!!!1 suldafigvam 92 NotNameError: поле имени содержит не только буквы
Михаил hmjiuuvvhufigvam 32 NotNameError: поле email не содержит @ и .(точку)
99 xyehgwzuu@gmail.com ValueError: Не присутствуют все три поля.
66 ValueError: Не присутствуют все три поля.
Муммий666 pd@mail.ru 87 NotNameError: поле имени содержит не только буквы
yv@mail.ru ValueError: Не присутствуют все три поля.
Земфира lzcsiq.ru 42 NotNameError: поле email не содержит @ и .(точку)
Яочуан vi.ru 101 NotNameError: поле email не содержит @ и .(точку)
Ли42 nasa@gmail.com 20 NotNameError: поле имени содержит не только буквы
 ValueError: Не присутствуют все три поля.
Анна 85 elchvgwknw@gmail.com ValueError: Поле "возраст" не является числом от 10 до 99.
89 qhl@mail.ru ValueError: Не присутствуют все три поля.
Равшан 39 icuzo@ya.ru ValueError: Поле "возраст" не является числом от 10 до 99.
Ольга666 sigmjeofjf@gmail.com 17 NotNameError: поле имени содержит не только буквы
Волочкова666 cgoivrmofg@gmail.com 81 NotNameError: поле имени содержит не только буквы
Равшан666 nyx@ya.ru 60 NotNameError: поле имени содержит не только буквы
Геннадий almb.mail.ru 18 NotNameError: поле email не содержит @ и .(точку)
Джамшут666 bu@ya.ru 54 NotNameError: поле имени содержит не только буквы
Михаил!!!!1 ayfunbjvq@mail.ru 91 NotNameError: поле имени содержит не только буквы
Степан 36 caye@ya.ru ValueError: Поле "возраст" не является числом от 10 до 99.
Дмитрий eyogojynek 26 NotNameError: поле email не содержит @ и .(точку)
Чехова jtvxk 12 NotNameError: поле email не содержит @ и .(точку)
oy@gmail.com ValueError: Не присутствуют все три поля.
Сянцзян dgxpv 82 NotNameError: поле email не содержит @ и .(точку)
Яочуан kcj.mail.ru 11 NotNameError: поле email не содержит @ и .(точку)
Владимир42 ffkixmon@mail.ru 34 NotNameError: поле имени содержит не только буквы
Джамшут mahks.mail.ru 57 NotNameError: поле email не содержит @ и .(точку)
Чехова bjaupakumm.ru 91 NotNameError: поле email не содержит @ и .(точку)
Степан 23 ValueError: Не присутствуют все три поля.
Чехова42 lxfu@gmail.com 45 NotNameError: поле имени содержит не только буквы
Ольга42 thhtgzm@ya.ru 45 NotNameError: поле имени содержит не только буквы
Муммий42 mdtaqsikjf@ya.ru 12 NotNameError: поле имени содержит не только буквы
Джамшут phlpzwfffigvam 33 NotNameError: поле email не содержит @ и .(точку)
Ярослав ValueError: Не присутствуют все три поля.
Артём aqj.ru 17 NotNameError: поле email не содержит @ и .(точку)
Земфира!!!!1 efz@mail.ru 45 NotNameError: поле имени содержит не только буквы
Ольга 86 zpawzdafft@gmail.com ValueError: Поле "возраст" не является числом от 10 до 99.
Бузова42 riltaol@gmail.com 31 NotNameError: поле имени содержит не только буквы
Геннадий 73 jruoid@mail.ru ValueError: Поле "возраст" не является числом от 10 до 99.
xti@ya.ru ValueError: Не присутствуют все три поля.
Равшан scpglwfruc.mail.ru 35 NotNameError: поле email не содержит @ и .(точку)
23 ValueError: Не присутствуют все три поля.
oywlsbomiy@gmail.com ValueError: Не присутствуют все три поля.
Геннадий dfmah@gmail.com ValueError: Не присутствуют все три поля.
Анна rqcfigvam 58 NotNameError: поле email не содержит @ и .(точку)
Яочуан hcfigvam 80 NotNameError: поле email не содержит @ и .(точку)
Геннадий 55 ndb@ya.ru ValueError: Поле "возраст" не является числом от 10 до 99.
Ли 74 wgugrckxw@gmail.com ValueError: Поле "возраст" не является числом от 10 до 99.
Джигурда666 mkogutwr@gmail.com 20 NotNameError: поле имени содержит не только буквы
Геннадий666 jqw@ya.ru 58 NotNameError: поле имени содержит не только буквы
Мария igqkc 56 NotNameError: поле email не содержит @ и .(точку)
Тролль!!!!1 iboxbi@mail.ru 27 NotNameError: поле имени содержит не только буквы
Бузова666 ndoirzuht@gmail.com 35 NotNameError: поле имени содержит не только буквы
 ValueError: Не присутствуют все три поля.
Ольга666 jkks@ya.ru 88 NotNameError: поле имени содержит не только буквы
14 qjdyda@ya.ru ValueError: Не присутствуют все три поля.
Хенг666 dbkxglrtr@gmail.com 20 NotNameError: поле имени содержит не только буквы
Ольга ValueError: Не присутствуют все три поля.
Пенг 18 ValueError: Не присутствуют все три поля.
Земфира666 mkxfbiglg@ya.ru 25 NotNameError: поле имени содержит не только буквы
Волочкова42 jplbtuvok@mail.ru 39 NotNameError: поле имени содержит не только буквы
Степан gggpaqbb 39 NotNameError: поле email не содержит @ и .(точку)
Ольга pyitfdyfp.ru 81 NotNameError: поле email не содержит @ и .(точку)
Геннадий 51 ngibl@ya.ru ValueError: Поле "возраст" не является числом от 10 до 99.
Ярослав!!!!1 xd@mail.ru 46 NotNameError: поле имени содержит не только буквы
Муммий tvnkfn.ru 50 NotNameError: поле email не содержит @ и .(точку)
Чонгкун qyrb 94 NotNameError: поле email не содержит @ и .(точку)
Пенг42 jbxhywaw@gmail.com 94 NotNameError: поле имени содержит не только буквы
Бузова 58 ValueError: Не присутствуют все три поля.
Ольга666 ot@gmail.com 9 NotNameError: поле имени содержит не только буквы
 ValueError: Не присутствуют все три поля.
 ValueError: Не присутствуют все три поля.
Хенг42 tfglv@ya.ru 82 NotNameError: поле имени содержит не только буквы
Мария666 sp@mail.ru 67 NotNameError: поле имени содержит не только буквы
Сянцзян mkh.mail.ru 38 NotNameError: поле email не содержит @ и .(точку)
Ольга alcdfigvam 75 NotNameError: поле email не содержит @ и .(точку)
Ольга vgqdjgys.mail.ru 89 NotNameError: поле email не содержит @ и .(точку)
 ValueError: Не присутствуют все три поля.
Дмитрий!!!!1 ccoqjfx@mail.ru 15 NotNameError: поле имени содержит не только буквы
Артём42 clcmztc@gmail.com 94 NotNameError: поле имени содержит не только буквы
 ValueError: Не присутствуют все три поля.
Джамшут 86 mz@ya.ru ValueError: Поле "возраст" не является числом от 10 до 99.
Ольга vheltf 30 NotNameError: поле email не содержит @ и .(точку)
Бузова ipguhyopqfigvam 62 NotNameError: поле email не содержит @ и .(точку)
Гнойный666 sjb@mail.ru 91 NotNameError: поле имени содержит не только буквы
Чонгкун42 whw@gmail.com 71 NotNameError: поле имени содержит не только буквы
Чехова42 ltcp@mail.ru 37 NotNameError: поле имени содержит не только буквы
Ольга 90 nbyqfilr@ya.ru ValueError: Поле "возраст" не является числом от 10 до 99.
Ярослав guqnftm 91 NotNameError: поле email не содержит @ и .(точку)
Муммий!!!!1 ro@gmail.com 78 NotNameError: поле имени содержит не только буквы
Владимир666 fuxy@ya.ru 13 NotNameError: поле имени содержит не только буквы
Яочуан!!!!1 xgyph@ya.ru 73 NotNameError: поле имени содержит не только буквы
Яочуан rmuqgtv 19 NotNameError: поле email не содержит @ и .(точку)
Муммий666 ghkzdxn@mail.ru 92 NotNameError: поле имени содержит не только буквы
Владимир xstkvrskfigvam 75 NotNameError: поле email не содержит @ и .(точку)
Михаил ity 41 NotNameError: поле email не содержит @ и .(точку)
Хенг ijygcm@mail.ru ValueError: Не присутствуют все три поля.
Тролль ydmqa 44 NotNameError: поле email не содержит @ и .(точку)
Джамшут666 dgbk@gmail.com 86 NotNameError: поле имени содержит не только буквы
Михаил ksfigvam 86 NotNameError: поле email не содержит @ и .(точку)
 ValueError: Не присутствуют все три поля.
Равшан42 oztp@gmail.com 35 NotNameError: поле имени содержит не только буквы
Пенг 91 sbkivwv@gmail.com ValueError: Поле "возраст" не является числом от 10 до 99.
Яочуан kmaqjfigvam 66 NotNameError: поле email не содержит @ и .(точку)
Пенг ls.mail.ru 97 NotNameError: поле email не содержит @ и .(точку)
Ольга 55 jym@mail.ru ValueError: Поле "возраст" не является числом от 10 до 99.
Михаил666 jtczdhuvyu@mail.ru 87 NotNameError: поле имени содержит не только буквы
Мария666 hcz@mail.ru 49 NotNameError: поле имени содержит не только буквы
 ValueError: Не присутствуют все три поля.
Нагиев 34 xazkz@gmail.com ValueError: Поле "возраст" не является числом от 10 до 99.
Нагиев!!!!1 pekyd@ya.ru 59 NotNameError: поле имени содержит не только буквы
 ValueError: Не присутствуют все три поля.
Ярослав 68 zyb.ru ValueError: Поле "возраст" не является числом от 10 до 99.
Владимир 60 ldyuyv@gmail.com ValueError: Поле "возраст" не является числом от 10 до 99.
Мария przmjpjyuc.mail.ru 47 NotNameError: поле email не содержит @ и .(точку)
Геннадий666 dvgwstof@mail.ru 61 NotNameError: поле имени содержит не только буквы
Тролль666 jwnlr@mail.ru 92 NotNameError: поле имени содержит не только буквы
Равшан 94 uhddv@ya.ru ValueError: Поле "возраст" не является числом от 10 до 99.
Ли ValueError: Не присутствуют все три поля.
Ли666 viperac@gmail.com 11 NotNameError: поле имени содержит не только буквы
 ValueError: Не присутствуют все три поля.
Ван llrvnboy 82 NotNameError: поле email не содержит @ и .(точку)
Бузова666 stwxu@ya.ru 82 NotNameError: поле имени содержит не только буквы
Джигурда xkfigvam 51 NotNameError: поле email не содержит @ и .(точку)
Бузова666 rihao@mail.ru 91 NotNameError: поле имени содержит не только буквы
Хенг666 fuznbykkpo@gmail.com 56 NotNameError: поле имени содержит не только буквы
Артём42 eejjr@ya.ru 30 NotNameError: поле имени содержит не только буквы
acesfkx ValueError: Не присутствуют все три поля.
Ван ksjxcbk@gmail.com ValueError: Не присутствуют все три поля.
Геннадий42 daflhhwdg@mail.ru 67 NotNameError: поле имени содержит не только буквы
Степан 37 ValueError: Не присутствуют все три поля.
Тролль42 kqgwru@ya.ru 37 NotNameError: поле имени содержит не только буквы
Хенг666 lwiirkclhq@ya.ru 29 NotNameError: поле имени содержит не только буквы
Сянцзян hwxt.mail.ru 50 NotNameError: поле email не содержит @ и .(точку)
Хенг ValueError: Не присутствуют все три поля.
Ли666 kphzoum@ya.ru 94 NotNameError: поле имени содержит не только буквы
Чонгкун ycggmccqfigvam 7 NotNameError: поле email не содержит @ и .(точку)
Ли42 wxexmgqlv@mail.ru 57 NotNameError: поле имени содержит не только буквы
Пенг42 jdknfivgid@ya.ru 24 NotNameError: поле имени содержит не только буквы
Гнойный666 xjbx@gmail.com 78 NotNameError: поле имени содержит не только буквы
Джигурда zmjc 45 NotNameError: поле email не содержит @ и .(точку)
Земфира ValueError: Не присутствуют все три поля.
99 ValueError: Не присутствуют все три поля.
Анна qppqjykge.mail.ru 56 NotNameError: поле email не содержит @ и .(точку)
 ValueError: Не присутствуют все три поля.
Владимир ostm.ru 81 NotNameError: поле email не содержит @ и .(точку)
Владимир ValueError: Не присутствуют все три поля.
Ольга 77 ValueError: Не присутствуют все три поля.
hbqvvgvyv@gmail.com ValueError: Не присутствуют все три поля.
Степан jrahedkro.ru 100 NotNameError: поле email не содержит @ и .(точку)
Бузова vvrznowi.ru 39 NotNameError: поле email не содержит @ и .(точку)
Ли zocmhhldtxfigvam 33 NotNameError: поле email не содержит @ и .(точку)
Сянцзян!!!!1 cqc@mail.ru 79 NotNameError: поле имени содержит не только буквы
Нагиев zobbamthn@ya.ru ValueError: Не присутствуют все три поля.
Артём pbxxpkp@mail.ru ValueError: Не присутствуют все три поля.
Ольга swxjl@ya.ru ValueError: Не присутствуют все три поля.
Михаил ogaptxrw 10 NotNameError: поле email не содержит @ и .(точку)
Чехова ikkjvfigvam 83 NotNameError: поле email не содержит @ и .(точку)
54 ValueError: Не присутствуют все три поля.
Михаил666 mavzyuda@gmail.com 61 NotNameError: поле имени содержит не только буквы
Ольга 20 oja@ya.ru ValueError: Поле "возраст" не является числом от 10 до 99.
Ли xinydgkyz ValueError: Не присутствуют все три поля.
Дмитрий!!!!1 cfortxov@gmail.com 100 NotNameError: поле имени содержит не только буквы
Ли 73 ValueError: Не присутствуют все три поля.
Пенг 41 hivhqztutj@ya.ru ValueError: Поле "возраст" не является числом от 10 до 99.
Бузова khsfbnfigvam 10 NotNameError: поле email не содержит @ и .(точку)
Мария xnzir.ru 17 NotNameError: поле email не содержит @ и .(точку)
Ли qjpycs.mail.ru 54 NotNameError: поле email не содержит @ и .(точку)
Пенг 12 epj@gmail.com ValueError: Поле "возраст" не является числом от 10 до 99.
Дмитрий ka 54 NotNameError: поле email не содержит @ и .(точку)
Степан rcug.ru 85 NotNameError: поле email не содержит @ и .(точку)
 ValueError: Не присутствуют все три поля.
Пенг666 hsj@ya.ru 39 NotNameError: поле имени содержит не только буквы
Равшан!!!!1 dvmncadh@ya.ru 50 NotNameError: поле имени содержит не только буквы
Дмитрий ud.mail.ru 17 NotNameError: поле email не содержит @ и .(точку)
Земфира qnrfigvam 38 NotNameError: поле email не содержит @ и .(точку)
Артём eh.mail.ru 15 NotNameError: поле email не содержит @ и .(точку)
jq@gmail.com ValueError: Не присутствуют все три поля.
Джамшут42 jfde@mail.ru 100 NotNameError: поле имени содержит не только буквы
Равшан42 vcxkqxf@gmail.com 97 NotNameError: поле имени содержит не только буквы
Волочкова qsuopb 21 NotNameError: поле email не содержит @ и .(точку)
fpntrectkj@gmail.com ValueError: Не присутствуют все три поля.
Пенг jqynlmr.mail.ru 50 NotNameError: поле email не содержит @ и .(точку)
 ValueError: Не присутствуют все три поля.
Ли rsfdutfigvam 23 NotNameError: поле email не содержит @ и .(точку)
Сянцзян42 njn@gmail.com 12 NotNameError: поле имени содержит не только буквы
Владимир 26 tgovvpmv@ya.ru ValueError: Поле "возраст" не является числом от 10 до 99.
Михаил42 yrzsids@gmail.com 87 NotNameError: поле имени содержит не только буквы
Чонгкун 22 uvb@mail.ru ValueError: Поле "возраст" не является числом от 10 до 99.
 ValueError: Не присутствуют все три поля.
Ольга 37 gq@mail.ru ValueError: Поле "возраст" не является числом от 10 до 99.
Артём42 fczwr@gmail.com 48 NotNameError: поле имени содержит не только буквы
Нагиев 46 ptqls@ya.ru ValueError: Поле "возраст" не является числом от 10 до 99.
Нагиев!!!!1 xwrvlg@ya.ru 78 NotNameError: поле имени содержит не только буквы
Хенг!!!!1 cblioh@mail.ru 34 NotNameError: поле имени содержит не только буквы
47 ValueError: Не присутствуют все три поля.
Анна666 fsfop@mail.ru 58 NotNameError: поле имени содержит не только буквы
Джигурда!!!!1 isgmd@gmail.com 99 NotNameError: поле имени содержит не только буквы
Чехова ValueError: Не присутствуют все три поля.
Джигурда ebjnx.mail.ru 97 NotNameError: поле email не содержит @ и .(точку)
Муммий sc.mail.ru 64 NotNameError: поле email не содержит @ и .(точку)
Дмитрий tvnzagduh.mail.ru 55 NotNameError: поле email не содержит @ и .(точку)
Пенг42 wouu@ya.ru 31 NotNameError: поле имени содержит не только буквы
Джамшут 31 ValueError: Не присутствуют все три поля.
Хенг 58 ebsip@gmail.com ValueError: Поле "возраст" не является числом от 10 до 99.
Волочкова666 iooulyqpni@mail.ru 42 NotNameError: поле имени содержит не только буквы
Тролль jw.mail.ru 35 NotNameError: поле email не содержит @ и .(точку)
Равшан rus.mail.ru 81 NotNameError: поле email не содержит @ и .(точку)
Ли 12 lpe@gmail.com ValueError: Поле "возраст" не является числом от 10 до 99.
Анна mgcapwtfkp.ru 99 NotNameError: поле email не содержит @ и .(точку)
Ярослав ctfsib.mail.ru 60 NotNameError: поле email не содержит @ и .(точку)
Ольга 44 rwrakjr@gmail.com ValueError: Поле "возраст" не является числом от 10 до 99.
Муммий ValueError: Не присутствуют все три поля.
Геннадий666 fkz@mail.ru 7 NotNameError: поле имени содержит не только буквы
 ValueError: Не присутствуют все три поля.
Земфира42 ydcmpreuzy@ya.ru 55 NotNameError: поле имени содержит не только буквы
Нагиев!!!!1 knxrnmi@ya.ru 18 NotNameError: поле имени содержит не только буквы
Сянцзян42 xz@ya.ru 18 NotNameError: поле имени содержит не только буквы
Анна wsd.ru 86 NotNameError: поле email не содержит @ и .(точку)
Чехова42 owfqdurm@gmail.com 54 NotNameError: поле имени содержит не только буквы
 ValueError: Не присутствуют все три поля.
Анна666 zlofysrqh@gmail.com 88 NotNameError: поле имени содержит не только буквы
Земфира666 ckgpqmeryl@gmail.com 67 NotNameError: поле имени содержит не только буквы
Геннадий 22 anqexnqa@ya.ru ValueError: Поле "возраст" не является числом от 10 до 99.
Владимир666 mgb@ya.ru 59 NotNameError: поле имени содержит не только буквы
Нагиев lntfigvam 101 NotNameError: поле email не содержит @ и .(точку)
Ольга hmmrfigvam 88 NotNameError: поле email не содержит @ и .(точку)
Нагиев42 lfsisf@ya.ru 36 NotNameError: поле имени содержит не только буквы
Дмитрий!!!!1 mtn@gmail.com 53 NotNameError: поле имени содержит не только буквы
Степан zkmyq.ru 55 NotNameError: поле email не содержит @ и .(точку)
Пенг hvi.mail.ru 80 NotNameError: поле email не содержит @ и .(точку)
Сянцзян 101 ValueError: Не присутствуют все три поля.
Муммий zoxml 68 NotNameError: поле email не содержит @ и .(точку)
Чехова blwlpw 73 NotNameError: поле email не содержит @ и .(точку)
Хенг!!!!1 ploqax@mail.ru 90 NotNameError: поле имени содержит не только буквы
Яочуан sxso.mail.ru 36 NotNameError: поле email не содержит @ и .(точку)
10 kfkzlg@mail.ru ValueError: Не присутствуют все три поля.
Ярослав qvbiichydh 27 NotNameError: поле email не содержит @ и .(точку)
Чонгкун ipatelmf.mail.ru 56 NotNameError: поле email не содержит @ и .(точку)
Владимир kpiefigvam 18 NotNameError: поле email не содержит @ и .(точку)
Ярослав qglqvcgo 43 NotNameError: поле email не содержит @ и .(точку)
 ValueError: Не присутствуют все три поля.
Нагиев666 ykj@gmail.com 18 NotNameError: поле имени содержит не только буквы
Бузова 21 yixcbjtl@ya.ru ValueError: Поле "возраст" не является числом от 10 до 99.
Джигурда42 hwf@mail.ru 85 NotNameError: поле имени содержит не только буквы
Ольга666 yiykos@mail.ru 23 NotNameError: поле имени содержит не только буквы
Михаил nelrttdj.mail.ru 60 NotNameError: поле email не содержит @ и .(точку)
Тролль42 kakcexaoto.ru 98 NotNameError: поле имени содержит не только буквы
Дмитрий42 oghektepxm@ya.ru 51 NotNameError: поле имени содержит не только буквы
Бузова ch.ru 91 NotNameError: поле email не содержит @ и .(точку)
Джамшут666 mhun@ya.ru 83 NotNameError: поле имени содержит не только буквы
Дмитрий xokee.ru 81 NotNameError: поле email не содержит @ и .(точку)
Степан 9 ValueError: Не присутствуют все три поля.
Ли bezqlfbr.ru 75 NotNameError: поле email не содержит @ и .(точку)
Сянцзян kemwofigvam 80 NotNameError: поле email не содержит @ и .(точку)
Гнойный666 ckxy@mail.ru 98 NotNameError: поле имени содержит не только буквы
Земфира sehaa.ru 23 NotNameError: поле email не содержит @ и .(точку)
Пенг 49 ValueError: Не присутствуют все три поля.
Хенг aenvwiibzv.ru 85 NotNameError: поле email не содержит @ и .(точку)
 ValueError: Не присутствуют все три поля.
Михаил666 tlgrqqw@ya.ru 51 NotNameError: поле имени содержит не только буквы
Ли 30 shgijkhj@ya.ru ValueError: Поле "возраст" не является числом от 10 до 99.
Артём jqvuaztxdufigvam 41 NotNameError: поле email не содержит @ и .(точку)
Земфира ulgmosl.ru 77 NotNameError: поле email не содержит @ и .(точку)
Яочуан ValueError: Не присутствуют все три поля.
Дмитрий qxkuijl 73 NotNameError: поле email не содержит @ и .(точку)
Тролль!!!!1 zylxlgct@gmail.com 17 NotNameError: поле имени содержит не только буквы
lpr@gmail.com ValueError: Не присутствуют все три поля.
Муммий42 jhvwrdquj@gmail.com 60 NotNameError: поле имени содержит не только буквы
Ван666 ggdwflel@mail.ru 74 NotNameError: поле имени содержит не только буквы
Джамшут iwrrct.mail.ru 30 NotNameError: поле email не содержит @ и .(точку)
Равшан mnyqvc@ya.ru ValueError: Не присутствуют все три поля.
Равшан bui 81 NotNameError: поле email не содержит @ и .(точку)
Ван ValueError: Не присутствуют все три поля.
Чехова42 mf@ya.ru 64 NotNameError: поле имени содержит не только буквы
Михаил ValueError: Не присутствуют все три поля.
Земфира woibrze.ru 27 NotNameError: поле email не содержит @ и .(точку)
Артём!!!!1 qinssdk@ya.ru 32 NotNameError: поле имени содержит не только буквы
Дмитрий 53 js@mail.ru ValueError: Поле "возраст" не является числом от 10 до 99.
 ValueError: Не присутствуют все три поля.
Муммий!!!!1 hjithai@gmail.com 67 NotNameError: поле имени содержит не только буквы
Мария 69 ombx@ya.ru ValueError: Поле "возраст" не является числом от 10 до 99.
Джамшут njxvd.mail.ru 31 NotNameError: поле email не содержит @ и .(точку)
Дмитрий mnfyuda 63 NotNameError: поле email не содержит @ и .(точку)
Ли42 luyqxgeegp@gmail.com 88 NotNameError: поле имени содержит не только буквы
Джамшут42 ktkajqsi@ya.ru 15 NotNameError: поле имени содержит не только буквы
Чонгкун 43 joakkqrec@gmail.com ValueError: Поле "возраст" не является числом от 10 до 99.
Равшан42 hp@mail.ru 87 NotNameError: поле имени содержит не только буквы
14 ooxxpscf@mail.ru ValueError: Не присутствуют все три поля.
Владимир pxlqrob@ya.ru ValueError: Не присутствуют все три поля.
Земфира bj@ya.ru ValueError: Не присутствуют все три поля.
Дмитрий 58 ValueError: Не присутствуют все три поля.
 ValueError: Не присутствуют все три поля.
Джамшут um.ru 43 NotNameError: поле email не содержит @ и .(точку)
Степан salgh.mail.ru 42 NotNameError: поле email не содержит @ и .(точку)
Ли666 qrjdpmy@mail.ru 96 NotNameError: поле имени содержит не только буквы
Степан666 jvxqidcl@gmail.com 31 NotNameError: поле имени содержит не только буквы
Яочуан666 dbgbcbq@gmail.com 67 NotNameError: поле имени содержит не только буквы
Чонгкун!!!!1 qembh@ya.ru 91 NotNameError: поле имени содержит не только буквы
21 ojuqqls@mail.ru ValueError: Не присутствуют все три поля.
 ValueError: Не присутствуют все три поля.
Волочкова!!!!1 ln@ya.ru 66 NotNameError: поле имени содержит не только буквы
Артём 64 pmcjigwzx@ya.ru ValueError: Поле "возраст" не является числом от 10 до 99.
Муммий nmwfzhopkrfigvam 34 NotNameError: поле email не содержит @ и .(точку)
Пенг42 dqcph@mail.ru 37 NotNameError: поле имени содержит не только буквы
 ValueError: Не присутствуют все три поля.
91 ValueError: Не присутствуют все три поля.
Ли qldvqkhmd.mail.ru 20 NotNameError: поле email не содержит @ и .(точку)
Геннадий 57 qha@ya.ru ValueError: Поле "возраст" не является числом от 10 до 99.
Волочкова42 cal@ya.ru 95 NotNameError: поле имени содержит не только буквы
40 utgz@ya.ru ValueError: Не присутствуют все три поля.
Сянцзян42 te@gmail.com 93 NotNameError: поле имени содержит не только буквы
Муммий42 fhtyashoe@ya.ru 93 NotNameError: поле имени содержит не только буквы
 ValueError: Не присутствуют все три поля.
Джигурда 79 lsifigvam ValueError: Поле "возраст" не является числом от 10 до 99.
Мария!!!!1 gqxmebqau@mail.ru 50 NotNameError: поле имени содержит не только буквы
Ван42 tf@mail.ru 52 NotNameError: поле имени содержит не только буквы
qxibm@gmail.com ValueError: Не присутствуют все три поля.
 ValueError: Не присутствуют все три поля.
Нагиев rzn.mail.ru 78 NotNameError: поле email не содержит @ и .(точку)
Дмитрий!!!!1 dbow@gmail.com 70 NotNameError: поле имени содержит не только буквы
Джамшут 51 maoqhoiq@mail.ru ValueError: Поле "возраст" не является числом от 10 до 99.
Муммий oxtxopwnrjfigvam 18 NotNameError: поле email не содержит @ и .(точку)
Нагиев42 lrapsu@gmail.com 35 NotNameError: поле имени содержит не только буквы
Ли42 rrqqqij@mail.ru 70 NotNameError: поле имени содержит не только буквы
Артём 43 dnp@ya.ru ValueError: Поле "возраст" не является числом от 10 до 99.
 ValueError: Не присутствуют все три поля.
 ValueError: Не присутствуют все три поля.
 ValueError: Не присутствуют все три поля.
Владимир 28 an@mail.ru ValueError: Поле "возраст" не является числом от 10 до 99.
Ольга ehgpnaeu.ru 12 NotNameError: поле email не содержит @ и .(точку)
Бузова666 puhl@mail.ru 66 NotNameError: поле имени содержит не только буквы
45 ValueError: Не присутствуют все три поля.
79 uybshtbgyy@gmail.com ValueError: Не присутствуют все три поля.
Михаил 44 ValueError: Не присутствуют все три поля.
Муммий42 pawd@mail.ru 74 NotNameError: поле имени содержит не только буквы
 ValueError: Не присутствуют все три поля.
Сянцзян goki.mail.ru 58 NotNameError: поле email не содержит @ и .(точку)
25 ValueError: Не присутствуют все три поля.
Ярослав666 fuxp@gmail.com 12 NotNameError: поле имени содержит не только буквы
Гнойный sb.mail.ru 51 NotNameError: поле email не содержит @ и .(точку)
Равшан qfkqfigvam 82 NotNameError: поле email не содержит @ и .(точку)
Мария666 st@mail.ru 91 NotNameError: поле имени содержит не только буквы
Михаил 40 aymkhugwng@mail.ru ValueError: Поле "возраст" не является числом от 10 до 99.
sigaezard@gmail.com ValueError: Не присутствуют все три поля.
Муммий 25 xmxdjgk@gmail.com ValueError: Поле "возраст" не является числом от 10 до 99.
Муммий!!!!1 wjplpskc@mail.ru 14 NotNameError: поле имени содержит не только буквы
Ван hhotqhxwx.ru 82 NotNameError: поле email не содержит @ и .(точку)
 ValueError: Не присутствуют все три поля.
Артём ueebpkyfigvam 80 NotNameError: поле email не содержит @ и .(точку)
 ValueError: Не присутствуют все три поля.
Хенг opcaffkfigvam 38 NotNameError: поле email не содержит @ и .(точку)
Чонгкун42 furhqlmdf@mail.ru 31 NotNameError: поле имени содержит не только буквы
Степан!!!!1 vuieqxn@mail.ru 79 NotNameError: поле имени содержит не только буквы
Муммий cdssxrpfigvam 26 NotNameError: поле email не содержит @ и .(точку)
Пенг!!!!1 jsatsc@mail.ru 70 NotNameError: поле имени содержит не только буквы
Тролль tqqr 55 NotNameError: поле email не содержит @ и .(точку)
Владимир42 pc@ya.ru 68 NotNameError: поле имени содержит не только буквы
 ValueError: Не присутствуют все три поля.
Анна nfurnoe.ru 60 NotNameError: поле email не содержит @ и .(точку)
Дмитрий666 ktflybe@gmail.com 28 NotNameError: поле имени содержит не только буквы
Земфира!!!!1 bb@mail.ru 13 NotNameError: поле имени содержит не только буквы
Ольга!!!!1 estofkaeg@gmail.com 93 NotNameError: поле имени содержит не только буквы
Гнойный 79 ValueError: Не присутствуют все три поля.
 ValueError: Не присутствуют все три поля.
Чонгкун crr.mail.ru 15 NotNameError: поле email не содержит @ и .(точку)
65 ms@ya.ru ValueError: Не присутствуют все три поля.
Яочуан42 fwu@gmail.com 80 NotNameError: поле имени содержит не только буквы
Ольга666 afxahwgcma@ya.ru 98 NotNameError: поле имени содержит не только буквы
Яочуан wieyfigvam 64 NotNameError: поле email не содержит @ и .(точку)
Михаил vtdupl.mail.ru 80 NotNameError: поле email не содержит @ и .(точку)
Ван!!!!1 sqceyont@ya.ru 24 NotNameError: поле имени содержит не только буквы
Волочкова mt.ru 91 NotNameError: поле email не содержит @ и .(точку)
 ValueError: Не присутствуют все три поля.
Сянцзян666 fycwqkqdmu@gmail.com 74 NotNameError: поле имени содержит не только буквы
Геннадий tylyk.ru 101 NotNameError: поле email не содержит @ и .(точку)
Нагиев666 vguk@ya.ru 42 NotNameError: поле имени содержит не только буквы
Бузова 61 ValueError: Не присутствуют все три поля.
Нагиев kgfa 98 NotNameError: поле email не содержит @ и .(точку)
Земфира666 imgbvdy@mail.ru 82 NotNameError: поле имени содержит не только буквы
31 vx@gmail.com ValueError: Не присутствуют все три поля.
 ValueError: Не присутствуют все три поля.
Анна42 hyrlnugixsfigvam 42 NotNameError: поле имени содержит не только буквы
Ольга ValueError: Не присутствуют все три поля.
Геннадий666 hlfrxbq@ya.ru 38 NotNameError: поле имени содержит не только буквы
Ван xyuqco.ru 46 NotNameError: поле email не содержит @ и .(точку)
Степан!!!!1 haudkniw@ya.ru 97 NotNameError: поле имени содержит не только буквы
Пенг666 lcxemzac@gmail.com 28 NotNameError: поле имени содержит не только буквы
Ли!!!!1 izok@mail.ru 78 NotNameError: поле имени содержит не только буквы
Михаил666 ci@mail.ru 28 NotNameError: поле имени содержит не только буквы
Бузова42 utzeyox@gmail.com 49 NotNameError: поле имени содержит не только буквы
Степан jbsdgyoz.mail.ru 80 NotNameError: поле email не содержит @ и .(точку)
Яочуан666 pstkv@gmail.com 74 NotNameError: поле имени содержит не только буквы
 ValueError: Не присутствуют все три поля.
59 ValueError: Не присутствуют все три поля.
19 mwsfzxffo@mail.ru ValueError: Не присутствуют все три поля.
101 ValueError: Не присутствуют все три поля.
Геннадий eqnfdntfigvam 17 NotNameError: поле email не содержит @ и .(точку)
Муммий!!!!1 maybgyk@ya.ru 29 NotNameError: поле имени содержит не только буквы
Пенг666 ct@gmail.com 15 NotNameError: поле имени содержит не только буквы
Тролль!!!!1 hwvpj@gmail.com 101 NotNameError: поле имени содержит не только буквы
Мария!!!!1 xoaedtfw@gmail.com 58 NotNameError: поле имени содержит не только буквы
Пенг dqlvzgzxu 50 NotNameError: поле email не содержит @ и .(точку)
Хенг salvyr 44 NotNameError: поле email не содержит @ и .(точку)
Земфира gidfsotke@mail.ru ValueError: Не присутствуют все три поля.
Чехова icfigvam 36 NotNameError: поле email не содержит @ и .(точку)
Ольга42 jlp@gmail.com 51 NotNameError: поле имени содержит не только буквы
Степан zjmjfigvam 64 NotNameError: поле email не содержит @ и .(точку)
Ли 63 ijy@mail.ru ValueError: Поле "возраст" не является числом от 10 до 99.
Бузова42 ektbpz@gmail.com 26 NotNameError: поле имени содержит не только буквы
Ли db.mail.ru 94 NotNameError: поле email не содержит @ и .(точку)
Тролль 57 xvl@mail.ru ValueError: Поле "возраст" не является числом от 10 до 99.
Сянцзян666 eg@gmail.com 19 NotNameError: поле имени содержит не только буквы
 ValueError: Не присутствуют все три поля.
Джигурда ti 9 NotNameError: поле email не содержит @ и .(точку)
Яочуан42 ytxttprtyu@mail.ru 84 NotNameError: поле имени содержит не только буквы
Ольга mpmj.ru 72 NotNameError: поле email не содержит @ и .(точку)
Ольга vwujloyv 99 NotNameError: поле email не содержит @ и .(точку)
Хенг thus.ru 82 NotNameError: поле email не содержит @ и .(точку)
Волочкова wkaizmvrir.mail.ru 88 NotNameError: поле email не содержит @ и .(точку)
Нагиев 43 iiodjj@gmail.com ValueError: Поле "возраст" не является числом от 10 до 99.
86 ValueError: Не присутствуют все три поля.
27 ValueError: Не присутствуют все три поля.
Ван42 tycx@gmail.com 81 NotNameError: поле имени содержит не только буквы
 ValueError: Не присутствуют все три поля.
Михаил666 gsgzqswkp@ya.ru 60 NotNameError: поле имени содержит не только буквы
Чехова kykhha.mail.ru 15 NotNameError: поле email не содержит @ и .(точку)
Степан pulcbsxuf 21 NotNameError: поле email не содержит @ и .(точку)
Геннадий!!!!1 ulffna@gmail.com 74 NotNameError: поле имени содержит не только буквы
Артём!!!!1 neuxmabtmm@mail.ru 94 NotNameError: поле имени содержит не только буквы
 ValueError: Не присутствуют все три поля.
Анна qywvsdmp.mail.ru 90 NotNameError: поле email не содержит @ и .(точку)
34 myr@mail.ru ValueError: Не присутствуют все три поля.
Равшан tskxkp.ru 45 NotNameError: поле email не содержит @ и .(точку)
Геннадий!!!!1 spgooa@ya.ru 82 NotNameError: поле имени содержит не только буквы
Яочуан666 mce@mail.ru 25 NotNameError: поле имени содержит не только буквы
Сянцзян 97 vx@gmail.com ValueError: Поле "возраст" не является числом от 10 до 99.
45 ValueError: Не присутствуют все три поля.
 ValueError: Не присутствуют все три поля.
Владимир kwlrgcw.ru 22 NotNameError: поле email не содержит @ и .(точку)
Ольга msx.mail.ru 68 NotNameError: поле email не содержит @ и .(точку)
Михаил aattyffigvam 34 NotNameError: поле email не содержит @ и .(точку)
Тролль qcwjvtn 26 NotNameError: поле email не содержит @ и .(точку)
Джигурда ValueError: Не присутствуют все три поля.
 ValueError: Не присутствуют все три поля.
Чехова uyygothzpe.mail.ru 54 NotNameError: поле email не содержит @ и .(точку)
Джигурда42 mbosuaobcn@ya.ru 33 NotNameError: поле имени содержит не только буквы
Артём jipixe.ru 19 NotNameError: поле email не содержит @ и .(точку)
Владимир42 pwfwj@ya.ru 21 NotNameError: поле имени содержит не только буквы
Ли cvhczo 33 NotNameError: поле email не содержит @ и .(точку)
Мария efbu 77 NotNameError: поле email не содержит @ и .(точку)
Ли svaqehfigvam 77 NotNameError: поле email не содержит @ и .(точку)
Чонгкун!!!!1 gffm@gmail.com 20 NotNameError: поле имени содержит не только буквы
 ValueError: Не присутствуют все три поля.
Равшан bseowqfigvam 42 NotNameError: поле email не содержит @ и .(точку)
Джигурда42 tznepble@ya.ru 75 NotNameError: поле имени содержит не только буквы
Яочуан ehvolflg.mail.ru 40 NotNameError: поле email не содержит @ и .(точку)
Гнойный 62 qeqd@ya.ru ValueError: Поле "возраст" не является числом от 10 до 99.
Муммий!!!!1 wqxwzop@ya.ru 61 NotNameError: поле имени содержит не только буквы
Нагиев ValueError: Не присутствуют все три поля.
Сянцзян ko.mail.ru 43 NotNameError: поле email не содержит @ и .(точку)
Джамшут eayzodx 52 NotNameError: поле email не содержит @ и .(точку)
Джигурда ValueError: Не присутствуют все три поля.
 ValueError: Не присутствуют все три поля.
Волочкова 93 ValueError: Не присутствуют все три поля.
Пенг qruwcczp.ru 101 NotNameError: поле email не содержит @ и .(точку)
Гнойный42 slmdj@gmail.com 28 NotNameError: поле имени содержит не только буквы
Ольга!!!!1 yaipm@gmail.com 83 NotNameError: поле имени содержит не только буквы
Михаил jkdtdcgop.ru 26 NotNameError: поле email не содержит @ и .(точку)
 ValueError: Не присутствуют все три поля.
 ValueError: Не присутствуют все три поля.
Ярослав qngrtongs.mail.ru 27 NotNameError: поле email не содержит @ и .(точку)
 ValueError: Не присутствуют все три поля.
Мария dnm 42 NotNameError: поле email не содержит @ и .(точку)
Бузова pzxqirnp.mail.ru 97 NotNameError: поле email не содержит @ и .(точку)
Земфира666 rvhajqvv@ya.ru 40 NotNameError: поле имени содержит не только буквы
Степан42 laydgwwjwn@mail.ru 11 NotNameError: поле имени содержит не только буквы
Джигурда ValueError: Не присутствуют все три поля.
Тролль 54 ValueError: Не присутствуют все три поля.
Дмитрий!!!!1 bvkk@mail.ru 26 NotNameError: поле имени содержит не только буквы
Равшан42 ezntle@ya.ru 37 NotNameError: поле имени содержит не только буквы
Чонгкун hvro 22 NotNameError: поле email не содержит @ и .(точку)
Чехова zirisuryve.mail.ru 58 NotNameError: поле email не содержит @ и .(точку)
Джигурда!!!!1 dyenaemmiv@ya.ru 9 NotNameError: поле имени содержит не только буквы
Муммий42 sfghcwc@mail.ru 100 NotNameError: поле имени содержит не только буквы
Ольга 53 ValueError: Не присутствуют все три поля.
 ValueError: Не присутствуют все три поля.
Бузова zmcty 30 NotNameError: поле email не содержит @ и .(точку)
Джигурда42 cgmyyleo@ya.ru 62 NotNameError: поле имени содержит не только буквы
Хенг ihswkiplw.ru 53 NotNameError: поле email не содержит @ и .(точку)
Чонгкун 24 ValueError: Не присутствуют все три поля.
Равшан jlo.mail.ru 71 NotNameError: поле email не содержит @ и .(точку)
 ValueError: Не присутствуют все три поля.
Гнойный42 ooscn@mail.ru 55 NotNameError: поле имени содержит не только буквы
Тролль!!!!1 gyvjmzanae@gmail.com 26 NotNameError: поле имени содержит не только буквы
Нагиев42 jrjhg@gmail.com 73 NotNameError: поле имени содержит не только буквы
Ван42 scca@mail.ru 18 NotNameError: поле имени содержит не только буквы
Владимир42 zphtkio@gmail.com 11 NotNameError: поле имени содержит не только буквы
Ольга 98 vlhqzb@gmail.com ValueError: Поле "возраст" не является числом от 10 до 99.
Ярослав rgdcnbxfigvam 32 NotNameError: поле email не содержит @ и .(точку)
Хенг42 mgf@gmail.com 89 NotNameError: поле имени содержит не только буквы
Ольга hg 22 NotNameError: поле email не содержит @ и .(точку)
Волочкова nmilvddubzfigvam 16 NotNameError: поле email не содержит @ и .(точку)
 ValueError: Не присутствуют все три поля.
Чехова apiigtuhb.ru 31 NotNameError: поле email не содержит @ и .(точку)
 ValueError: Не присутствуют все три поля.
Владимир!!!!1 fxjmh@gmail.com 97 NotNameError: поле имени содержит не только буквы
 ValueError: Не присутствуют все три поля.
Ярослав!!!!1 wwmnsfvj@ya.ru 27 NotNameError: поле имени содержит не только буквы
Чехова42 eezcpy@mail.ru 90 NotNameError: поле имени содержит не только буквы
Михаил 28 ilehibygt@mail.ru ValueError: Поле "возраст" не является числом от 10 до 99.
Ярослав 63 eaxnuai@ya.ru ValueError: Поле "возраст" не является числом от 10 до 99.
Хенг666 onttosa@ya.ru 81 NotNameError: поле имени содержит не только буквы
Ярослав666 vv@ya.ru 72 NotNameError: поле имени содержит не только буквы
Дмитрий 34 jccinp@mail.ru ValueError: Поле "возраст" не является числом от 10 до 99.
Ольга666 ibfzjk@ya.ru 91 NotNameError: поле имени содержит не только буквы
Земфира zhrfgfpc 82 NotNameError: поле email не содержит @ и .(точку)
Степан666 tkzvgm@mail.ru 72 NotNameError: поле имени содержит не только буквы
Геннадий666 gev@ya.ru 89 NotNameError: поле имени содержит не только буквы
Владимир666 qudalgiaqm@gmail.com 65 NotNameError: поле имени содержит не только буквы
Владимир!!!!1 qzgghw@gmail.com 12 NotNameError: поле имени содержит не только буквы
Мария mnfigvam 22 NotNameError: поле email не содержит @ и .(точку)
Муммий666 bh@gmail.com 39 NotNameError: поле имени содержит не только буквы
Ольга sunia.mail.ru 68 NotNameError: поле email не содержит @ и .(точку)
 ValueError: Не присутствуют все три поля.
Нагиев hekhxxlfigvam 67 NotNameError: поле email не содержит @ и .(точку)
79 ValueError: Не присутствуют все три поля.
 ValueError: Не присутствуют все три поля.
Ван42 xm@gmail.com 30 NotNameError: поле имени содержит не только буквы
Ли!!!!1 srjvpum@gmail.com 65 NotNameError: поле имени содержит не только буквы
Чехова 23 fogfgwr@ya.ru ValueError: Поле "возраст" не является числом от 10 до 99.
Дмитрий 33 bewlfhvxxv@ya.ru ValueError: Поле "возраст" не является числом от 10 до 99.
 ValueError: Не присутствуют все три поля.
Бузова 85 ymtcb@mail.ru ValueError: Поле "возраст" не является числом от 10 до 99.
Равшан!!!!1 wxh@mail.ru 14 NotNameError: поле имени содержит не только буквы
 ValueError: Не присутствуют все три поля.
Чонгкун 13 rqkwufl@ya.ru ValueError: Поле "возраст" не является числом от 10 до 99.
Нагиев666 jebsjraw@ya.ru 61 NotNameError: поле имени содержит не только буквы
Дмитрий xkveyjt.ru 90 NotNameError: поле email не содержит @ и .(точку)
Хенг!!!!1 kxp@gmail.com 62 NotNameError: поле имени содержит не только буквы
Нагиев666 ou@mail.ru 27 NotNameError: поле имени содержит не только буквы
Земфира abfigvam 95 NotNameError: поле email не содержит @ и .(точку)
Ярослав xx.mail.ru 43 NotNameError: поле email не содержит @ и .(точку)
Яочуан666 vtkmd@ya.ru 30 NotNameError: поле имени содержит не только буквы
Ольга42 dh@ya.ru 25 NotNameError: поле имени содержит не только буквы
Сянцзян!!!!1 eofcojuehm@ya.ru 32 NotNameError: поле имени содержит не только буквы
Равшан ab.ru 13 NotNameError: поле email не содержит @ и .(точку)
Яочуан!!!!1 hrkqrm@mail.ru 80 NotNameError: поле имени содержит не только буквы
Артём!!!!1 qafsowppis@gmail.com 43 NotNameError: поле имени содержит не только буквы
Джигурда htufigvam 16 NotNameError: поле email не содержит @ и .(точку)
Ольга666 vr@mail.ru 101 NotNameError: поле имени содержит не только буквы
62 ValueError: Не присутствуют все три поля.
Чехова 86 ValueError: Не присутствуют все три поля.
Равшан ValueError: Не присутствуют все три поля.
Равшан gwtfigvam 92 NotNameError: поле email не содержит @ и .(точку)
Мария666 fxkiz@mail.ru 66 NotNameError: поле имени содержит не только буквы
Ли ieutg.ru 78 NotNameError: поле email не содержит @ и .(точку)
 ValueError: Не присутствуют все три поля.
pt@ya.ru ValueError: Не присутствуют все три поля.
 ValueError: Не присутствуют все три поля.
Владимир666 hjwqgntzb@gmail.com 70 NotNameError: поле имени содержит не только буквы
Джамшут42 mutpfnzqy@mail.ru 63 NotNameError: поле имени содержит не только буквы
Ли zauapqu.ru 32 NotNameError: поле email не содержит @ и .(точку)
Хенг gn.mail.ru 75 NotNameError: поле email не содержит @ и .(точку)
Ольга nx 57 NotNameError: поле email не содержит @ и .(точку)
 ValueError: Не присутствуют все три поля.
Чехова 80 lsyfvzjhx@gmail.com ValueError: Поле "возраст" не является числом от 10 до 99.
Чехова42 fqsgq@ya.ru 75 NotNameError: поле имени содержит не только буквы
Артём irrx 8 NotNameError: поле email не содержит @ и .(точку)
Нагиев 39 xexcn@mail.ru ValueError: Поле "возраст" не является числом от 10 до 99.
Чехова slouvlfjhp.mail.ru 101 NotNameError: поле email не содержит @ и .(точку)
Земфира vegfigvam 79 NotNameError: поле email не содержит @ и .(точку)
Анна verpjfigvam 98 NotNameError: поле email не содержит @ и .(точку)
Бузова hunjg 57 NotNameError: поле email не содержит @ и .(точку)
Гнойный jezdkxv.mail.ru 32 NotNameError: поле email не содержит @ и .(точку)
 ValueError: Не присутствуют все три поля.
Равшан dhoyzo.mail.ru 59 NotNameError: поле email не содержит @ и .(точку)
Нагиев 32 ddqkqncsc@mail.ru ValueError: Поле "возраст" не является числом от 10 до 99.
Ван vv.ru 28 NotNameError: поле email не содержит @ и .(точку)
Михаил mqfigvam 42 NotNameError: поле email не содержит @ и .(точку)
Сянцзян ValueError: Не присутствуют все три поля.
40 vdetvumek@gmail.com ValueError: Не присутствуют все три поля.
Анна anfh 36 NotNameError: поле email не содержит @ и .(точку)
 ValueError: Не присутствуют все три поля.
Владимир 79 jwnhvvd@mail.ru ValueError: Поле "возраст" не является числом от 10 до 99.
Земфира42 xsxj@mail.ru 91 NotNameError: поле имени содержит не только буквы
Степан zhbrwwfigvam 90 NotNameError: поле email не содержит @ и .(точку)
Бузова fgmdzbhhus.mail.ru 84 NotNameError: поле email не содержит @ и .(точку)
Владимир xvrxzprb.ru 66 NotNameError: поле email не содержит @ и .(точку)
Ли xltzkbtd 29 NotNameError: поле email не содержит @ и .(точку)
Степан faydat 39 NotNameError: поле email не содержит @ и .(точку)
Степан nlfigvam 18 NotNameError: поле email не содержит @ и .(точку)
 ValueError: Не присутствуют все три поля.
Земфира666 otxxpaiu@ya.ru 69 NotNameError: поле имени содержит не только буквы
Бузова rdvhta.mail.ru 73 NotNameError: поле email не содержит @ и .(точку)
Сянцзян cvb 34 NotNameError: поле email не содержит @ и .(точку)
Артём ug 19 NotNameError: поле email не содержит @ и .(точку)
vcbqv@mail.ru ValueError: Не присутствуют все три поля.
Джамшут qnju 15 NotNameError: поле email не содержит @ и .(точку)
Чехова hymvrilgca.ru 29 NotNameError: поле email не содержит @ и .(точку)
Земфира jiul 26 NotNameError: поле email не содержит @ и .(точку)
Хенг wdigvfokm@mail.ru ValueError: Не присутствуют все три поля.
Артём wsqxhe.mail.ru 59 NotNameError: поле email не содержит @ и .(точку)
 ValueError: Не присутствуют все три поля.
Чонгкун hcfuvw 87 NotNameError: поле email не содержит @ и .(точку)
Геннадий 60 qe@mail.ru ValueError: Поле "возраст" не является числом от 10 до 99.
Ольга ValueError: Не присутствуют все три поля.
Владимир wv.ru 69 NotNameError: поле email не содержит @ и .(точку)
Анна42 ed@mail.ru 17 NotNameError: поле имени содержит не только буквы
Муммий!!!!1 scqo@mail.ru 94 NotNameError: поле имени содержит не только буквы
Джамшут 34 ValueError: Не присутствуют все три поля.
 ValueError: Не присутствуют все три поля.
Тролль vfgb.mail.ru 60 NotNameError: поле email не содержит @ и .(точку)
Сянцзян ep.mail.ru 58 NotNameError: поле email не содержит @ и .(точку)
Джигурда!!!!1 xpomzztfou@mail.ru 64 NotNameError: поле имени содержит не только буквы
Анна whlbfloq.mail.ru 93 NotNameError: поле email не содержит @ и .(точку)
 ValueError: Не присутствуют все три поля.
Михаил666 kssuv@gmail.com 99 NotNameError: поле имени содержит не только буквы
Волочкова lulntpfigvam 26 NotNameError: поле email не содержит @ и .(точку)
Волочкова666 qpaiijbtfigvam 55 NotNameError: поле имени содержит не только буквы
Чехова twfaumdygs 33 NotNameError: поле email не содержит @ и .(точку)
Ван42 vpvya@ya.ru 15 NotNameError: поле имени содержит не только буквы
Дмитрий py@gmail.com ValueError: Не присутствуют все три поля.
Анна666 zvuc@gmail.com 25 NotNameError: поле имени содержит не только буквы
Геннадий 10 sdnri@mail.ru ValueError: Поле "возраст" не является числом от 10 до 99.
Геннадий 77 ValueError: Не присутствуют все три поля.
Сянцзян 97 xangyo@ya.ru ValueError: Поле "возраст" не является числом от 10 до 99.
Анна hwqdzkt 85 NotNameError: поле email не содержит @ и .(точку)
Пенг ft@mail.ru ValueError: Не присутствуют все три поля.
Чонгкун 51 gaugtep@mail.ru ValueError: Поле "возраст" не является числом от 10 до 99.
Джамшут 63 ValueError: Не присутствуют все три поля.
Хенг flsiogmwfv.mail.ru 60 NotNameError: поле email не содержит @ и .(точку)
Джамшут ValueError: Не присутствуют все три поля.
Хенг rlbvvaq 21 NotNameError: поле email не содержит @ и .(точку)
Тролль sw 54 NotNameError: поле email не содержит @ и .(точку)
Джигурда42 byuxfoyigk@ya.ru 21 NotNameError: поле имени содержит не только буквы
Ли ykpenvzfigvam 39 NotNameError: поле email не содержит @ и .(точку)
98 ValueError: Не присутствуют все три поля.
Земфира azxq 82 NotNameError: поле email не содержит @ и .(точку)
Яочуан42 zihdblwz@mail.ru 98 NotNameError: поле имени содержит не только буквы
Равшан mdza.ru 94 NotNameError: поле email не содержит @ и .(точку)
61 ValueError: Не присутствуют все три поля.
Джамшут666 kjw@gmail.com 25 NotNameError: поле имени содержит не только буквы
Ли42 vqffrrlfh@gmail.com 99 NotNameError: поле имени содержит не только буквы
Тролль666 se@mail.ru 52 NotNameError: поле имени содержит не только буквы
